****************************************************************************
***                            Sentaurus Mesh                            ***
***                          Version U-2022.12                           ***
***                      (2.7893487, x86_64, Linux)                      ***
***                                                                      ***
***                       Copyright (C) 2005-2022                        ***
***                            Synopsys, Inc.                            ***
***                                                                      ***
***  This software and the associated documentation are confidential     ***
***  and proprietary to Synopsys, Inc.  Your use or disclosure of this   ***
***  software is subject to the terms and conditions of a written        ***
***  license agreement between you, or your company, and Synopsys, Inc.  ***
****************************************************************************

Compiled Mon Nov 14 18:34:06 PST 2022 on: swe-vm-kcr-tcad02
Running on: ug142
Hardware type: x86_64
OS name: Linux
OS release: 5.10.0-25-amd64
OS version: #1 SMP Debian 5.10.191-1 (2023-08-16)
Process ID: 665013

Flags used:

** Generating 2d grid **

Creating binary tree...done.
Imprinting binary tree on the boundary...done.
Optimizing boundary nodes...done.

Number of vertices after binary tree generation : 
  54 (tree) + 41 (boundary)

** Delaunizing the mesh **

Creating delaunizer input...done.
Solving edges...done 
Optimizing elements...done. (61 vertices)
Fixing diagonals...done.

The final mesh has: 
      57 points.
      72 elements.
       4 regions.
Max. connectivity = 6 located at (0.5;0.375)


==============================  tri-grid quality  ================================
    0  10  20  30  40  50  60  70  80  90 100 110 120 130 140 150 160 170 180
 %        4   2      28  28       2   4  33                                
---------------------------------------------------------------------------------
minAngle: 7.12502  maxAngle: 90
nVerts = 57  nTris = 72  nMats = 2
max connectivity (tris per node): 6
bmin: -0 -0
bmax: 1 6
min edgeLength: 0.0625  [near (0.5 2.03125)]
min volume: 0.015625  max volume: 0.09375  Total volume: 6
bbox  volume: 6
Are all boundaries on bbox? true
=================================================================================

Smallest region: psub  Total volume: 2
Interpolating data...done.
Saving file n4_msh.tdr...done.

===============================  Timer Report===================================
              Total Mesh Generation Time:    0.0113s       100%
                       Rate of #Vertices:  5.03e+03
                          Rate of #Edges:  8.48e+03
                          Rate of #Faces:  6.36e+03
                       Rate of #Elements:         0

                            Time Covered:         0s         0%

