###########################################
# Sentaurus Visual U-2022.12.
# Tcl log file.
#------------------------------------------
# Date: Dec. 06, 2023. 02:15:54.
# Version: 34.2.7893487 (2.7893487)
# Mode: Interactive (GUI).
# Mesa: enabled.
# Hostname: ug142.
# Machine: Linux, x86_64, x86_64.
# Kernel: 5.10.0-26-amd64.
###########################################

  list_custom_buttons
  remove_custom_buttons {}
  add_custom_button -name E -desc {Edit Custom Buttons Toolbar} -script ::customButtons::actionMainMenu
#--> E
  add_custom_button -separator
#--> D1
  add_custom_button -separator
#--> D2
load_script_file /nfs/ug/homes-1/h/hemarath/SentaurusDB/ECE335/Project_2/n17_vis.tcl
cd /nfs/ug/homes-1/h/hemarath/SentaurusDB/ECE335/Project_2
  echo ext::SetInfoDef > WARNING: Procedure ext::SetInfoDef  is depreciated! Please use the procedure lib::SetInfoDef.
# ext::SetInfoDef > WARNING: Procedure ext::SetInfoDef  is depreciated! Please use the procedure lib::SetInfoDef.
  echo ##############################
# ##############################
  echo plotting Id-Vds curves
# plotting Id-Vds curves
  echo ##############################
# ##############################
  list_plots
  create_plot -name Plot_IdVd -1d
  select_plots {Plot_IdVd}
#--> Plot_IdVd
#--> Plot_IdVd
  select_plots {Plot_IdVd}
#--> Plot_IdVd
  load_file IdVd_0_n16_des.plt -name PLT(17,0)
#--> PLT(17,0)
  get_variable_data -dataset PLT(17,0) {gate OuterVoltage}
#--> 0.2 0.2 0.2 0.2 0.2 0.2 0.2 0.2 0.2 0.2 0.2 0.2 0.2 0.2 0.2 0.2 0.2 0.2 0.2 0.2 0.2
  create_curve -axisX {drain OuterVoltage} -axisY {drain TotalCurrent} -dataset {PLT(17,0)} -name nMOS_0.2_17_tmp -plot Plot_IdVd
#--> nMOS_0.2_17_tmp
  create_curve -function abs(<nMOS_0.2_17_tmp>) -name nMOS_0.2_17 -plot Plot_IdVd
#--> nMOS_0.2_17
  remove_curves -plot Plot_IdVd {nMOS_0.2_17_tmp}
#--> nMOS_0.2_17_tmp
  set_curve_prop {nMOS_0.2_17} -plot Plot_IdVd -label "IdVd (nMOS Lg=0.045 Vg=0.2)" -color #008000 -line_style solid -line_width 3
#--> 0
  load_file IdVd_1_n16_des.plt -name PLT(17,1)
#--> PLT(17,1)
  get_variable_data -dataset PLT(17,1) {gate OuterVoltage}
#--> 0.4 0.4 0.4 0.4 0.4 0.4 0.4 0.4 0.4 0.4 0.4 0.4 0.4 0.4 0.4 0.4 0.4 0.4 0.4 0.4 0.4
  create_curve -axisX {drain OuterVoltage} -axisY {drain TotalCurrent} -dataset {PLT(17,1)} -name nMOS_0.4_17_tmp -plot Plot_IdVd
#--> nMOS_0.4_17_tmp
  create_curve -function abs(<nMOS_0.4_17_tmp>) -name nMOS_0.4_17 -plot Plot_IdVd
#--> nMOS_0.4_17
  remove_curves -plot Plot_IdVd {nMOS_0.4_17_tmp}
#--> nMOS_0.4_17_tmp
  set_curve_prop {nMOS_0.4_17} -plot Plot_IdVd -label "IdVd (nMOS Lg=0.045 Vg=0.4)" -color #0000ff -line_style solid -line_width 3
#--> 0
  load_file IdVd_2_n16_des.plt -name PLT(17,2)
#--> PLT(17,2)
  get_variable_data -dataset PLT(17,2) {gate OuterVoltage}
#--> 0.6 0.6 0.6 0.6 0.6 0.6 0.6 0.6 0.6 0.6 0.6 0.6 0.6 0.6 0.6 0.6 0.6 0.6 0.6 0.6 0.6
  create_curve -axisX {drain OuterVoltage} -axisY {drain TotalCurrent} -dataset {PLT(17,2)} -name nMOS_0.6_17_tmp -plot Plot_IdVd
#--> nMOS_0.6_17_tmp
  create_curve -function abs(<nMOS_0.6_17_tmp>) -name nMOS_0.6_17 -plot Plot_IdVd
#--> nMOS_0.6_17
  remove_curves -plot Plot_IdVd {nMOS_0.6_17_tmp}
#--> nMOS_0.6_17_tmp
  set_curve_prop {nMOS_0.6_17} -plot Plot_IdVd -label "IdVd (nMOS Lg=0.045 Vg=0.6)" -color #ff0000 -line_style solid -line_width 3
#--> 0
  load_file IdVd_3_n16_des.plt -name PLT(17,3)
#--> PLT(17,3)
  get_variable_data -dataset PLT(17,3) {gate OuterVoltage}
#--> 0.8 0.8 0.8 0.8 0.8 0.8 0.8 0.8 0.8 0.8 0.8 0.8 0.8 0.8 0.8 0.8 0.8 0.8 0.8 0.8 0.8
  create_curve -axisX {drain OuterVoltage} -axisY {drain TotalCurrent} -dataset {PLT(17,3)} -name nMOS_0.8_17_tmp -plot Plot_IdVd
#--> nMOS_0.8_17_tmp
  create_curve -function abs(<nMOS_0.8_17_tmp>) -name nMOS_0.8_17 -plot Plot_IdVd
#--> nMOS_0.8_17
  remove_curves -plot Plot_IdVd {nMOS_0.8_17_tmp}
#--> nMOS_0.8_17_tmp
  set_curve_prop {nMOS_0.8_17} -plot Plot_IdVd -label "IdVd (nMOS Lg=0.045 Vg=0.8)" -color #ffa500 -line_style solid -line_width 3
#--> 0
  load_file IdVd_4_n16_des.plt -name PLT(17,4)
#--> PLT(17,4)
  get_variable_data -dataset PLT(17,4) {gate OuterVoltage}
#--> 1 1 1 1 1 1 1 1 1 1 1 1 1 1 1 1 1 1 1 1 1
  create_curve -axisX {drain OuterVoltage} -axisY {drain TotalCurrent} -dataset {PLT(17,4)} -name nMOS_1_17_tmp -plot Plot_IdVd
#--> nMOS_1_17_tmp
  create_curve -function abs(<nMOS_1_17_tmp>) -name nMOS_1_17 -plot Plot_IdVd
#--> nMOS_1_17
  remove_curves -plot Plot_IdVd {nMOS_1_17_tmp}
#--> nMOS_1_17_tmp
  set_curve_prop {nMOS_1_17} -plot Plot_IdVd -label "IdVd (nMOS Lg=0.045 Vg=1)" -color #ff00ff -line_style solid -line_width 3
#--> 0
  set_plot_prop -plot {Plot_IdVd} -title "I<sub>d</sub>-V<sub>ds</sub> Curve" -title_font_size 20
#--> 0
  set_axis_prop -plot Plot_IdVd -axis x -title "Drain Voltage \[V\]" -title_font_size 16 -scale_font_size 14 -type linear
# WARNING:The parameter 'scale_font_size' is deprecated. Please, use the parameter 'label_font_size'  instead.
#--> 0
  set_axis_prop -plot Plot_IdVd -axis y -title "Drain Current \[A/<greek>m</greek>m\]" -title_font_size 16 -scale_font_size 14 -type linear
# WARNING:The parameter 'scale_font_size' is deprecated. Please, use the parameter 'label_font_size'  instead.
#--> 0
  set_legend_prop -plot Plot_IdVd -font_size 12 -font_att bold -location top_left
# WARNING:The parameter 'font_att' is deprecated. Please, use the parameter 'label_font_att' for 1D and 'title_font_att' for 2D or 3D  instead.
# WARNING:The parameter 'font_size' is deprecated. Please, use the parameter 'label_font_size'  instead.
#--> 0
  get_variable_data -dataset PLT(17,4) {drain OuterVoltage}
#--> 0 0.05 0.1 0.15 0.2 0.25 0.3 0.35 0.4 0.45 0.5 0.55 0.6 0.65 0.7 0.75 0.8 0.85 0.9 0.95 1
  get_variable_data -dataset PLT(17,4) {drain TotalCurrent}
#--> -5.04293274048e-19 8.4780801716e-05 0.000165394981797 0.000241013973094 0.00031082977906 0.000374846347917 0.000433072074974 0.000485337489016 0.000531668228373 0.000572271483519 0.000607526971451 0.00063795389714 0.000664152825316 0.000686742510314 0.000706311410563 0.000723377822347 0.000738381255107 0.000751689556127 0.000763600485666 0.000774353295291 0.000784139908959
  echo DOE: Ron 3532.104
# DOE: Ron 3532.104
  echo
# 
  echo Ron is 3532.104 Ohm um
# Ron is 3532.104 Ohm um
#-> 0
exit 0
 
